[22:42:16] [main/INFO]: Setting user: Player150
[22:42:21] [Client thread/INFO]: LWJGL Version: 2.9.1
[22:42:55] [Client thread/INFO]: Reloading ResourceManager: Default, FMLFileResourcePack:Forge Mod Loader, FMLFileResourcePack:Minecraft Forge, FMLFileResourcePack:Benfah's Mod
[22:42:56] [Sound Library Loader/INFO]: Sound engine started
[22:43:03] [Client thread/INFO]: Created: 16x16 textures/blocks-atlas
[22:43:03] [Client thread/INFO]: Created: 16x16 textures/items-atlas
[22:43:04] [Client thread/INFO]: Reloading ResourceManager: Default, FMLFileResourcePack:Forge Mod Loader, FMLFileResourcePack:Minecraft Forge, FMLFileResourcePack:Benfah's Mod
[22:43:08] [Client thread/INFO]: Created: 512x256 textures/blocks-atlas
[22:43:09] [Client thread/INFO]: Created: 256x256 textures/items-atlas
[22:43:10] [Sound Library Loader/INFO]: Sound engine started
[22:43:21] [Server thread/INFO]: Starting integrated minecraft server version 1.7.10
[22:43:21] [Server thread/INFO]: Generating keypair
[22:43:24] [Server thread/INFO]: Preparing start region for level 0
[22:43:25] [Server thread/INFO]: Preparing spawn area: 0%
[22:43:26] [Server thread/INFO]: Preparing spawn area: 9%
[22:43:28] [Server thread/INFO]: Preparing spawn area: 34%
[22:43:29] [Server thread/INFO]: Preparing spawn area: 61%
[22:43:30] [Server thread/INFO]: Preparing spawn area: 99%
[22:43:31] [Server thread/INFO]: Changing view distance to 12, from 10
[22:43:31] [Client thread/INFO]: Realms library version == 1.3.5
[22:43:33] [Server thread/INFO]: Player150[local:E:bc8aeacf] logged in with entity id 337 at (21.374023355571644, 73.0, 136.776013085407)
[22:43:33] [Server thread/INFO]: Player150 joined the game
[22:43:34] [MCO Availability Checker #1/ERROR]: Couldn't connect to realms: 
[22:43:36] [Server thread/INFO]: Saving and pausing game...
[22:43:36] [Server thread/INFO]: Saving chunks for level 'New World'/Overworld
[22:43:37] [Server thread/INFO]: Saving chunks for level 'New World'/Nether
[22:43:37] [Server thread/INFO]: Saving chunks for level 'New World'/The End
[22:43:37] [Server thread/WARN]: Can't keep up! Did the system time change, or is the server overloaded? Running 6480ms behind, skipping 129 tick(s)
[22:43:54] [Server thread/WARN]: Can't keep up! Did the system time change, or is the server overloaded? Running 5461ms behind, skipping 109 tick(s)
[22:44:10] [Server thread/WARN]: Can't keep up! Did the system time change, or is the server overloaded? Running 5723ms behind, skipping 114 tick(s)
[22:44:41] [Server thread/INFO]: Saving and pausing game...
[22:44:41] [Server thread/INFO]: Saving chunks for level 'New World'/Overworld
[22:44:41] [Server thread/INFO]: Saving chunks for level 'New World'/Nether
[22:44:41] [Server thread/INFO]: Saving chunks for level 'New World'/The End
[22:44:55] [Server thread/INFO]: Player150 has just earned the achievement [Taking Inventory]
[22:44:55] [Client thread/INFO]: [CHAT] Player150 has just earned the achievement [Taking Inventory]
[22:45:39] [Client thread/INFO]: [CHAT] That player cannot be found
[22:45:44] [Server thread/INFO]: [Player150: Given [Obsidian] * 1 to Player150]
[22:45:44] [Client thread/INFO]: [CHAT] Given [Obsidian] * 1 to Player150
[22:46:15] [Client thread/INFO]: Stopping!
[22:46:15] [Server thread/INFO]: Stopping server
[22:46:15] [Server thread/INFO]: Saving players
[22:46:15] [Server thread/INFO]: Saving worlds
[22:46:15] [Server thread/INFO]: Saving chunks for level 'New World'/Overworld
[22:46:15] [Client Shutdown Thread/INFO]: Stopping server
[22:46:15] [Client Shutdown Thread/INFO]: Saving players
